[debug] [2024-06-22T15:36:34.241Z] ----------------------------------------------------------------------
[debug] [2024-06-22T15:36:34.247Z] Command:       C:\Program Files\nodejs\node.exe C:\Users\User\AppData\Roaming\npm\node_modules\firebase-tools\lib\bin\firebase.js apphosting:backends:create --project saveitfrom --location us-central1
[debug] [2024-06-22T15:36:34.250Z] CLI Version:   13.10.2
[debug] [2024-06-22T15:36:34.251Z] Platform:      win32
[debug] [2024-06-22T15:36:34.252Z] Node Version:  v18.17.1
[debug] [2024-06-22T15:36:34.254Z] Time:          Sat Jun 22 2024 18:36:34 GMT+0300 (East Africa Time)
[debug] [2024-06-22T15:36:34.254Z] ----------------------------------------------------------------------
[debug] 
[debug] [2024-06-22T15:36:34.265Z] >>> [apiv2][query] GET https://firebase-public.firebaseio.com/cli.json [none]
[debug] [2024-06-22T15:36:34.529Z] > refreshing access token with scopes: []
[debug] [2024-06-22T15:36:34.537Z] >>> [apiv2][query] POST https://www.googleapis.com/oauth2/v3/token [none]
[debug] [2024-06-22T15:36:34.537Z] >>> [apiv2][body] POST https://www.googleapis.com/oauth2/v3/token [omitted]
[debug] [2024-06-22T15:36:35.471Z] <<< [apiv2][status] POST https://www.googleapis.com/oauth2/v3/token 200
[debug] [2024-06-22T15:36:35.471Z] <<< [apiv2][body] POST https://www.googleapis.com/oauth2/v3/token [omitted]
[debug] [2024-06-22T15:36:35.494Z] >>> [apiv2][query] GET https://serviceusage.googleapis.com/v1/projects/saveitfrom/services/firebaseapphosting.googleapis.com [none]
[debug] [2024-06-22T15:36:35.496Z] >>> [apiv2][(partial)header] GET https://serviceusage.googleapis.com/v1/projects/saveitfrom/services/firebaseapphosting.googleapis.com x-goog-quota-user=projects/saveitfrom
[debug] [2024-06-22T15:36:35.827Z] <<< [apiv2][status] GET https://firebase-public.firebaseio.com/cli.json 200
[debug] [2024-06-22T15:36:35.827Z] <<< [apiv2][body] GET https://firebase-public.firebaseio.com/cli.json {"cloudBuildErrorAfter":1594252800000,"cloudBuildWarnAfter":1590019200000,"defaultNode10After":1594252800000,"minVersion":"3.0.5","node8DeploysDisabledAfter":1613390400000,"node8RuntimeDisabledAfter":1615809600000,"node8WarnAfter":1600128000000}
[debug] [2024-06-22T15:36:37.993Z] <<< [apiv2][status] GET https://serviceusage.googleapis.com/v1/projects/saveitfrom/services/firebaseapphosting.googleapis.com 200
[debug] [2024-06-22T15:36:37.993Z] <<< [apiv2][body] GET https://serviceusage.googleapis.com/v1/projects/saveitfrom/services/firebaseapphosting.googleapis.com [omitted]
[debug] [2024-06-22T15:36:37.994Z] >>> [apiv2][query] GET https://mobilesdk-pa.googleapis.com/v1/accessmanagement/tos:getStatus [none]
[debug] [2024-06-22T15:36:39.149Z] <<< [apiv2][status] GET https://mobilesdk-pa.googleapis.com/v1/accessmanagement/tos:getStatus 200
[debug] [2024-06-22T15:36:39.150Z] <<< [apiv2][body] GET https://mobilesdk-pa.googleapis.com/v1/accessmanagement/tos:getStatus {"overallStatus":"ACCEPTED","uTosStatus":{"tos":{"id":"firebase","tosId":"FIREBASE_UNIVERSAL"},"status":"ACCEPTED"},"childTosStatus":[{"tos":{"id":"cloud","tosId":"CLOUD_PLATFORM"},"status":"ACCEPTED"},{"tos":{"id":"firebase_b2b","tosId":"FIREBASE_B2B"},"status":"ACCEPTED"},{"tos":{"id":"universal","tosId":"GOOGLE_APIS"},"status":"ACCEPTED"}],"termsUrl":"https://firebase.google.com/terms","perServiceStatus":[{"tosId":"APP_CHECK","serviceStatus":{"tos":{"id":"app_check","tosId":"APP_CHECK"},"status":"ACCEPTED"}},{"tosId":"APP_HOSTING_TOS","serviceStatus":{"tos":{"id":"app_hosting","tosId":"APP_HOSTING_TOS"},"status":"ACCEPTED"}},{"tosId":"APP_HOSTING_TOS","serviceStatus":{"tos":{"id":"app_hosting","tosId":"APP_HOSTING_TOS"},"status":"ACCEPTED"}},{"tosId":"FIREBASE_CRASHLYTICS_APP_DISTRIBUTION","serviceStatus":{"tos":{"id":"firebase_crashlytics_app_distribution","tosId":"FIREBASE_CRASHLYTICS_APP_DISTRIBUTION"},"status":"ACCEPTED"}},{"tosId":"FIREBASE_DATA_CONNECT","serviceStatus":{"tos":{"id":"data_connect","tosId":"FIREBASE_DATA_CONNECT"},"status":"ACCEPTED"}}]}
[debug] [2024-06-22T15:36:39.152Z] >>> [apiv2][query] GET https://serviceusage.googleapis.com/v1/projects/saveitfrom/services/developerconnect.googleapis.com [none]
[debug] [2024-06-22T15:36:39.152Z] >>> [apiv2][(partial)header] GET https://serviceusage.googleapis.com/v1/projects/saveitfrom/services/developerconnect.googleapis.com x-goog-quota-user=projects/saveitfrom
[debug] [2024-06-22T15:36:39.156Z] >>> [apiv2][query] GET https://serviceusage.googleapis.com/v1/projects/saveitfrom/services/cloudbuild.googleapis.com [none]
[debug] [2024-06-22T15:36:39.156Z] >>> [apiv2][(partial)header] GET https://serviceusage.googleapis.com/v1/projects/saveitfrom/services/cloudbuild.googleapis.com x-goog-quota-user=projects/saveitfrom
[debug] [2024-06-22T15:36:39.159Z] >>> [apiv2][query] GET https://serviceusage.googleapis.com/v1/projects/saveitfrom/services/secretmanager.googleapis.com [none]
[debug] [2024-06-22T15:36:39.159Z] >>> [apiv2][(partial)header] GET https://serviceusage.googleapis.com/v1/projects/saveitfrom/services/secretmanager.googleapis.com x-goog-quota-user=projects/saveitfrom
[debug] [2024-06-22T15:36:39.162Z] >>> [apiv2][query] GET https://serviceusage.googleapis.com/v1/projects/saveitfrom/services/run.googleapis.com [none]
[debug] [2024-06-22T15:36:39.162Z] >>> [apiv2][(partial)header] GET https://serviceusage.googleapis.com/v1/projects/saveitfrom/services/run.googleapis.com x-goog-quota-user=projects/saveitfrom
[debug] [2024-06-22T15:36:39.165Z] >>> [apiv2][query] GET https://serviceusage.googleapis.com/v1/projects/saveitfrom/services/artifactregistry.googleapis.com [none]
[debug] [2024-06-22T15:36:39.165Z] >>> [apiv2][(partial)header] GET https://serviceusage.googleapis.com/v1/projects/saveitfrom/services/artifactregistry.googleapis.com x-goog-quota-user=projects/saveitfrom
[debug] [2024-06-22T15:36:39.169Z] >>> [apiv2][query] GET https://serviceusage.googleapis.com/v1/projects/saveitfrom/services/iam.googleapis.com [none]
[debug] [2024-06-22T15:36:39.170Z] >>> [apiv2][(partial)header] GET https://serviceusage.googleapis.com/v1/projects/saveitfrom/services/iam.googleapis.com x-goog-quota-user=projects/saveitfrom
[debug] [2024-06-22T15:36:41.155Z] <<< [apiv2][status] GET https://serviceusage.googleapis.com/v1/projects/saveitfrom/services/secretmanager.googleapis.com 200
[debug] [2024-06-22T15:36:41.156Z] <<< [apiv2][body] GET https://serviceusage.googleapis.com/v1/projects/saveitfrom/services/secretmanager.googleapis.com [omitted]
[debug] [2024-06-22T15:36:41.177Z] <<< [apiv2][status] GET https://serviceusage.googleapis.com/v1/projects/saveitfrom/services/cloudbuild.googleapis.com 200
[debug] [2024-06-22T15:36:41.178Z] <<< [apiv2][body] GET https://serviceusage.googleapis.com/v1/projects/saveitfrom/services/cloudbuild.googleapis.com [omitted]
[debug] [2024-06-22T15:36:41.184Z] <<< [apiv2][status] GET https://serviceusage.googleapis.com/v1/projects/saveitfrom/services/developerconnect.googleapis.com 200
[debug] [2024-06-22T15:36:41.185Z] <<< [apiv2][body] GET https://serviceusage.googleapis.com/v1/projects/saveitfrom/services/developerconnect.googleapis.com [omitted]
[debug] [2024-06-22T15:36:41.186Z] <<< [apiv2][status] GET https://serviceusage.googleapis.com/v1/projects/saveitfrom/services/run.googleapis.com 200
[debug] [2024-06-22T15:36:41.186Z] <<< [apiv2][body] GET https://serviceusage.googleapis.com/v1/projects/saveitfrom/services/run.googleapis.com [omitted]
[debug] [2024-06-22T15:36:41.272Z] <<< [apiv2][status] GET https://serviceusage.googleapis.com/v1/projects/saveitfrom/services/artifactregistry.googleapis.com 200
[debug] [2024-06-22T15:36:41.273Z] <<< [apiv2][body] GET https://serviceusage.googleapis.com/v1/projects/saveitfrom/services/artifactregistry.googleapis.com [omitted]
[debug] [2024-06-22T15:36:41.325Z] <<< [apiv2][status] GET https://serviceusage.googleapis.com/v1/projects/saveitfrom/services/iam.googleapis.com 200
[debug] [2024-06-22T15:36:41.325Z] <<< [apiv2][body] GET https://serviceusage.googleapis.com/v1/projects/saveitfrom/services/iam.googleapis.com [omitted]
[debug] [2024-06-22T15:36:41.328Z] >>> [apiv2][query] POST https://iam.googleapis.com/v1/projects/saveitfrom/serviceAccounts/firebase-app-hosting-compute@saveitfrom.iam.gserviceaccount.com:testIamPermissions [none]
[debug] [2024-06-22T15:36:41.329Z] >>> [apiv2][(partial)header] POST https://iam.googleapis.com/v1/projects/saveitfrom/serviceAccounts/firebase-app-hosting-compute@saveitfrom.iam.gserviceaccount.com:testIamPermissions x-goog-quota-user=projects/saveitfrom
[debug] [2024-06-22T15:36:41.330Z] >>> [apiv2][body] POST https://iam.googleapis.com/v1/projects/saveitfrom/serviceAccounts/firebase-app-hosting-compute@saveitfrom.iam.gserviceaccount.com:testIamPermissions {"permissions":["iam.serviceAccounts.actAs"]}
[debug] [2024-06-22T15:36:43.530Z] <<< [apiv2][status] POST https://iam.googleapis.com/v1/projects/saveitfrom/serviceAccounts/firebase-app-hosting-compute@saveitfrom.iam.gserviceaccount.com:testIamPermissions 200
[debug] [2024-06-22T15:36:43.531Z] <<< [apiv2][body] POST https://iam.googleapis.com/v1/projects/saveitfrom/serviceAccounts/firebase-app-hosting-compute@saveitfrom.iam.gserviceaccount.com:testIamPermissions {"permissions":["iam.serviceAccounts.actAs"]}
[debug] [2024-06-22T15:36:43.535Z] >>> [apiv2][query] GET https://firebaseapphosting.googleapis.com/v1alpha/projects/saveitfrom/locations 
[debug] [2024-06-22T15:36:45.669Z] <<< [apiv2][status] GET https://firebaseapphosting.googleapis.com/v1alpha/projects/saveitfrom/locations 200
[debug] [2024-06-22T15:36:45.670Z] <<< [apiv2][body] GET https://firebaseapphosting.googleapis.com/v1alpha/projects/saveitfrom/locations {"locations":[{"name":"projects/saveitfrom/locations/us-central1","locationId":"us-central1"}]}
[info] i  === Import a GitHub repository 
[debug] [2024-06-22T15:36:45.698Z] >>> [apiv2][query] GET https://developerconnect.googleapis.com/v1/projects/saveitfrom/locations/us-central1/connections/apphosting-github-oauth [none]
[debug] [2024-06-22T15:36:47.980Z] <<< [apiv2][status] GET https://developerconnect.googleapis.com/v1/projects/saveitfrom/locations/us-central1/connections/apphosting-github-oauth 200
[debug] [2024-06-22T15:36:47.981Z] <<< [apiv2][body] GET https://developerconnect.googleapis.com/v1/projects/saveitfrom/locations/us-central1/connections/apphosting-github-oauth {"name":"projects/saveitfrom/locations/us-central1/connections/apphosting-github-oauth","createTime":"2024-06-10T15:13:47.663783830Z","updateTime":"2024-06-10T15:14:54.909077615Z","githubConfig":{"githubApp":"FIREBASE","authorizerCredential":{"oauthTokenSecretVersion":"projects/saveitfrom/secrets/apphosting-github-oauth-github-oauthtoken-55e7b4/versions/latest","username":"oscarmuya"},"appInstallationId":"51297207","installationUri":"https://github.com/settings/installations/51297207"},"installationState":{"stage":"COMPLETE"}}
[info] +  Connected with GitHub successfully
 
[debug] [2024-06-22T15:36:47.984Z] >>> [apiv2][query] GET https://developerconnect.googleapis.com/v1/projects/saveitfrom/locations/-/connections pageSize=1000&pageToken=
[debug] [2024-06-22T15:36:50.643Z] <<< [apiv2][status] GET https://developerconnect.googleapis.com/v1/projects/saveitfrom/locations/-/connections 200
[debug] [2024-06-22T15:36:50.644Z] <<< [apiv2][body] GET https://developerconnect.googleapis.com/v1/projects/saveitfrom/locations/-/connections {"connections":[{"name":"projects/saveitfrom/locations/us-central1/connections/firebase-app-hosting-github-oauth","createTime":"2024-05-28T23:58:25.705990066Z","updateTime":"2024-05-29T00:01:20.170682217Z","githubConfig":{"githubApp":"FIREBASE","authorizerCredential":{"oauthTokenSecretVersion":"projects/saveitfrom/secrets/firebase-app-hosting-github-oauth-github-oauthtoken-681c22/versions/latest","username":"oscarmuya"},"appInstallationId":"51297207","installationUri":"https://github.com/settings/installations/51297207"},"installationState":{"stage":"COMPLETE"}},{"name":"projects/saveitfrom/locations/us-central1/connections/apphosting-github-oauth","createTime":"2024-06-10T15:13:47.663783830Z","updateTime":"2024-06-10T15:14:54.909077615Z","githubConfig":{"githubApp":"FIREBASE","authorizerCredential":{"oauthTokenSecretVersion":"projects/saveitfrom/secrets/apphosting-github-oauth-github-oauthtoken-55e7b4/versions/latest","username":"oscarmuya"},"appInstallationId":"51297207","installationUri":"https://github.com/settings/installations/51297207"},"installationState":{"stage":"COMPLETE"}},{"name":"projects/saveitfrom/locations/us-central1/connections/apphosting-github-conn-6xc491","createTime":"2024-05-29T00:01:26.756266453Z","updateTime":"2024-05-29T00:01:27.468340237Z","githubConfig":{"githubApp":"FIREBASE","authorizerCredential":{"oauthTokenSecretVersion":"projects/saveitfrom/secrets/firebase-app-hosting-github-oauth-github-oauthtoken-681c22/versions/latest","username":"oscarmuya"},"appInstallationId":"51297207","installationUri":"https://github.com/settings/installations/51297207"},"installationState":{"stage":"COMPLETE"}}]}
[debug] [2024-06-22T15:36:50.645Z] >>> [apiv2][query] GET https://developerconnect.googleapis.com/v1/projects/saveitfrom/locations/us-central1/connections/apphosting-github-conn-6xc491:fetchLinkableGitRepositories pageSize=1000&pageToken=
[debug] [2024-06-22T15:36:54.166Z] <<< [apiv2][status] GET https://developerconnect.googleapis.com/v1/projects/saveitfrom/locations/us-central1/connections/apphosting-github-conn-6xc491:fetchLinkableGitRepositories 200
[debug] [2024-06-22T15:36:54.166Z] <<< [apiv2][body] GET https://developerconnect.googleapis.com/v1/projects/saveitfrom/locations/us-central1/connections/apphosting-github-conn-6xc491:fetchLinkableGitRepositories {"linkableGitRepositories":[{"cloneUri":"https://github.com/oscarmuya/backend-saveitfrom.git"},{"cloneUri":"https://github.com/oscarmuya/ecomm-project.git"},{"cloneUri":"https://github.com/oscarmuya/food-delivery.git"},{"cloneUri":"https://github.com/oscarmuya/frima-backend.git"},{"cloneUri":"https://github.com/oscarmuya/frima-frontend.git"},{"cloneUri":"https://github.com/oscarmuya/greatadventuresafaris.git"},{"cloneUri":"https://github.com/oscarmuya/greatlakes.git"},{"cloneUri":"https://github.com/oscarmuya/greatlakesdesktop.git"},{"cloneUri":"https://github.com/oscarmuya/greatlakeshotel.git"},{"cloneUri":"https://github.com/oscarmuya/hdstatus-frontend.git"},{"cloneUri":"https://github.com/oscarmuya/lixie.git"},{"cloneUri":"https://github.com/oscarmuya/lixie-hulu.git"},{"cloneUri":"https://github.com/oscarmuya/lixie-movies.git"},{"cloneUri":"https://github.com/oscarmuya/lixie-online.git"},{"cloneUri":"https://github.com/oscarmuya/lixie-twitter.git"},{"cloneUri":"https://github.com/oscarmuya/lixienft.git"},{"cloneUri":"https://github.com/oscarmuya/lixyy.git"},{"cloneUri":"https://github.com/oscarmuya/milkychild.git"},{"cloneUri":"https://github.com/oscarmuya/mycircle.git"},{"cloneUri":"https://github.com/oscarmuya/mydate.git"},{"cloneUri":"https://github.com/oscarmuya/mydely.git"},{"cloneUri":"https://github.com/oscarmuya/mydely-business.git"},{"cloneUri":"https://github.com/oscarmuya/myfit2.git"},{"cloneUri":"https://github.com/oscarmuya/MyMusic.git"},{"cloneUri":"https://github.com/oscarmuya/neo-ai-python.git"},{"cloneUri":"https://github.com/oscarmuya/neo-ai-python-backend.git"},{"cloneUri":"https://github.com/oscarmuya/neoai.git"},{"cloneUri":"https://github.com/oscarmuya/neoai-api.git"},{"cloneUri":"https://github.com/oscarmuya/nextjs.git"},{"cloneUri":"https://github.com/oscarmuya/oscarmuya.git"},{"cloneUri":"https://github.com/oscarmuya/paxmall-functions.git"},{"cloneUri":"https://github.com/oscarmuya/portfolio.git"},{"cloneUri":"https://github.com/oscarmuya/ratemylecturer.git"},{"cloneUri":"https://github.com/oscarmuya/saveitfrom.online.frontend.git"},{"cloneUri":"https://github.com/oscarmuya/thornsoft.git"},{"cloneUri":"https://github.com/oscarmuya/thornsoft-backend.git"},{"cloneUri":"https://github.com/oscarmuya/tracation.git"},{"cloneUri":"https://github.com/oscarmuya/whatsapp-ai.git"},{"cloneUri":"https://github.com/oscarmuya/whatsappgroups.git"}]}
